<?xml version="1.0" encoding="UTF-8"?>
<!-- Generated by org.testng.reporters.JUnitReportReporter -->
<testsuite skipped="0" hostname="hp-PC" name="learn.SeleniumTest" tests="2" failures="0" timestamp="2020-02-22T17:41:19 IST" time="0.000" errors="0">
  <testcase name="browserAutomation" time="0.000" classname="learn.SeleniumTest"/>
  <system-out/>
  <testcase name="elementsUI" time="0.000" classname="learn.SeleniumTest"/>
  <system-out/>
</testsuite> <!-- learn.SeleniumTest -->
