<?xml version="1.0" encoding="UTF-8"?>
<!-- Generated by org.testng.reporters.JUnitReportReporter -->
<testsuite skipped="0" hostname="hp-PC" name="learn.RESTAPITest" tests="2" failures="0" timestamp="2020-02-22T17:41:19 IST" time="0.000" errors="0">
  <testcase name="deleteTwitter" time="0.000" classname="learn.RESTAPITest"/>
  <system-out/>
  <testcase name="postJira" time="0.000" classname="learn.RESTAPITest"/>
  <system-out/>
</testsuite> <!-- learn.RESTAPITest -->
