<?xml version="1.0" encoding="UTF-8"?>
<!-- Generated by org.testng.reporters.JUnitReportReporter -->
<testsuite skipped="0" hostname="hp-PC" name="learn.AppiumTest" tests="2" failures="0" timestamp="2020-02-22T17:41:19 IST" time="0.015" errors="0">
  <testcase name="iOSApp" time="0.015" classname="learn.AppiumTest"/>
  <system-out/>
  <testcase name="nativeAppAndroid" time="0.000" classname="learn.AppiumTest"/>
  <system-out/>
</testsuite> <!-- learn.AppiumTest -->
